<?xml version="1.0" encoding="UTF-8"?>
<testsuite xmlns:xsi="http://www.w3.org/2001/XMLSchema-instance" xsi:noNamespaceSchemaLocation="https://maven.apache.org/surefire/maven-surefire-plugin/xsd/surefire-test-report-3.0.xsd" version="3.0" name="CalculatorTest" time="0.059" tests="5" errors="0" skipped="0" failures="0">
  <properties>
[...]
</properties>
  <testcase name="testDivideByZero" classname="CalculatorTest" time="0.002"/>
  <testcase name="testAdd" classname="CalculatorTest" time="0.0"/>
  <testcase name="testSubtract" classname="CalculatorTest" time="0.0"/>
  <testcase name="testDivide" classname="CalculatorTest" time="0.0"/>
  <testcase name="testMultiply" classname="CalculatorTest" time="0.0"/>
</testsuite>